<?xml version="1.0" encoding="UTF-8"?>
<testsuite xmlns:xsi="http://www.w3.org/2001/XMLSchema-instance" xsi:noNamespaceSchemaLocation="https://maven.apache.org/surefire/maven-surefire-plugin/xsd/surefire-test-report-3.0.xsd" version="3.0" name="ar.edu.unlp.info.oo1.ejercicio8.MamiferoTest" time="0.137" tests="10" errors="0" skipped="0" failures="0">
  <properties>
    <property name="java.specification.version" value="21"/>
    <property name="sun.jnu.encoding" value="UTF-8"/>
    <property name="java.class.path" value="/home/toti/Escritorio/orientacion_objetos/ejercicio8/target/test-classes:/home/toti/Escritorio/orientacion_objetos/ejercicio8/target/classes:/home/toti/.m2/repository/org/junit/jupiter/junit-jupiter-engine/5.7.2/junit-jupiter-engine-5.7.2.jar:/home/toti/.m2/repository/org/apiguardian/apiguardian-api/1.1.0/apiguardian-api-1.1.0.jar:/home/toti/.m2/repository/org/junit/platform/junit-platform-engine/1.7.2/junit-platform-engine-1.7.2.jar:/home/toti/.m2/repository/org/opentest4j/opentest4j/1.2.0/opentest4j-1.2.0.jar:/home/toti/.m2/repository/org/junit/platform/junit-platform-commons/1.7.2/junit-platform-commons-1.7.2.jar:/home/toti/.m2/repository/org/junit/jupiter/junit-jupiter-api/5.7.2/junit-jupiter-api-5.7.2.jar:"/>
    <property name="java.vm.vendor" value="Debian"/>
    <property name="sun.arch.data.model" value="64"/>
    <property name="java.vendor.url" value="https://tracker.debian.org/openjdk-21"/>
    <property name="os.name" value="Linux"/>
    <property name="java.vm.specification.version" value="21"/>
    <property name="sun.java.launcher" value="SUN_STANDARD"/>
    <property name="user.country" value="AR"/>
    <property name="sun.boot.library.path" value="/usr/lib/jvm/java-21-openjdk-amd64/lib"/>
    <property name="sun.java.command" value="/home/toti/Escritorio/orientacion_objetos/ejercicio8/target/surefire/surefirebooter720434647634007680.jar /home/toti/Escritorio/orientacion_objetos/ejercicio8/target/surefire 2025-09-21T16-39-11_172-jvmRun1 surefire32244045501455351tmp surefire_09313121414368676022tmp"/>
    <property name="jdk.debug" value="release"/>
    <property name="surefire.test.class.path" value="/home/toti/Escritorio/orientacion_objetos/ejercicio8/target/test-classes:/home/toti/Escritorio/orientacion_objetos/ejercicio8/target/classes:/home/toti/.m2/repository/org/junit/jupiter/junit-jupiter-engine/5.7.2/junit-jupiter-engine-5.7.2.jar:/home/toti/.m2/repository/org/apiguardian/apiguardian-api/1.1.0/apiguardian-api-1.1.0.jar:/home/toti/.m2/repository/org/junit/platform/junit-platform-engine/1.7.2/junit-platform-engine-1.7.2.jar:/home/toti/.m2/repository/org/opentest4j/opentest4j/1.2.0/opentest4j-1.2.0.jar:/home/toti/.m2/repository/org/junit/platform/junit-platform-commons/1.7.2/junit-platform-commons-1.7.2.jar:/home/toti/.m2/repository/org/junit/jupiter/junit-jupiter-api/5.7.2/junit-jupiter-api-5.7.2.jar:"/>
    <property name="sun.cpu.endian" value="little"/>
    <property name="user.home" value="/home/toti"/>
    <property name="user.language" value="es"/>
    <property name="java.specification.vendor" value="Oracle Corporation"/>
    <property name="java.version.date" value="2025-07-15"/>
    <property name="java.home" value="/usr/lib/jvm/java-21-openjdk-amd64"/>
    <property name="file.separator" value="/"/>
    <property name="basedir" value="/home/toti/Escritorio/orientacion_objetos/ejercicio8"/>
    <property name="java.vm.compressedOopsMode" value="32-bit"/>
    <property name="line.separator" value="&#10;"/>
    <property name="java.specification.name" value="Java Platform API Specification"/>
    <property name="java.vm.specification.vendor" value="Oracle Corporation"/>
    <property name="surefire.real.class.path" value="/home/toti/Escritorio/orientacion_objetos/ejercicio8/target/surefire/surefirebooter720434647634007680.jar"/>
    <property name="sun.management.compiler" value="HotSpot 64-Bit Tiered Compilers"/>
    <property name="java.runtime.version" value="21.0.8+9-Debian-1"/>
    <property name="user.name" value="toti"/>
    <property name="stdout.encoding" value="UTF-8"/>
    <property name="path.separator" value=":"/>
    <property name="os.version" value="6.12.38+kali-amd64"/>
    <property name="java.runtime.name" value="OpenJDK Runtime Environment"/>
    <property name="file.encoding" value="UTF-8"/>
    <property name="java.vm.name" value="OpenJDK 64-Bit Server VM"/>
    <property name="localRepository" value="/home/toti/.m2/repository"/>
    <property name="java.vendor.url.bug" value="https://bugs.debian.org/openjdk-21"/>
    <property name="java.io.tmpdir" value="/tmp"/>
    <property name="java.version" value="21.0.8"/>
    <property name="user.dir" value="/home/toti/Escritorio/orientacion_objetos/ejercicio8"/>
    <property name="os.arch" value="amd64"/>
    <property name="java.vm.specification.name" value="Java Virtual Machine Specification"/>
    <property name="native.encoding" value="UTF-8"/>
    <property name="java.library.path" value="/usr/java/packages/lib:/usr/lib/x86_64-linux-gnu/jni:/lib/x86_64-linux-gnu:/usr/lib/x86_64-linux-gnu:/usr/lib/jni:/lib:/usr/lib"/>
    <property name="java.vm.info" value="mixed mode, sharing"/>
    <property name="stderr.encoding" value="UTF-8"/>
    <property name="java.vendor" value="Debian"/>
    <property name="java.vm.version" value="21.0.8+9-Debian-1"/>
    <property name="sun.io.unicode.encoding" value="UnicodeLittle"/>
    <property name="java.class.version" value="65.0"/>
  </properties>
  <testcase name="testEspecie" classname="ar.edu.unlp.info.oo1.ejercicio8.MamiferoTest" time="0.058"/>
  <testcase name="testIdentificador" classname="ar.edu.unlp.info.oo1.ejercicio8.MamiferoTest" time="0.002"/>
  <testcase name="testAbuelaMaterna" classname="ar.edu.unlp.info.oo1.ejercicio8.MamiferoTest" time="0.003"/>
  <testcase name="testMadre" classname="ar.edu.unlp.info.oo1.ejercicio8.MamiferoTest" time="0.001"/>
  <testcase name="testPadre" classname="ar.edu.unlp.info.oo1.ejercicio8.MamiferoTest" time="0.002"/>
  <testcase name="testAbueloPaterno" classname="ar.edu.unlp.info.oo1.ejercicio8.MamiferoTest" time="0.001"/>
  <testcase name="testTieneComoAncestroA" classname="ar.edu.unlp.info.oo1.ejercicio8.MamiferoTest" time="0.011"/>
  <testcase name="testAbuelaPaterna" classname="ar.edu.unlp.info.oo1.ejercicio8.MamiferoTest" time="0.004"/>
  <testcase name="testAbueloMaterno" classname="ar.edu.unlp.info.oo1.ejercicio8.MamiferoTest" time="0.001"/>
  <testcase name="testTieneComoAncestroAsimetrico" classname="ar.edu.unlp.info.oo1.ejercicio8.MamiferoTest" time="0.001"/>
</testsuite>